<?xml version="1.0" encoding="UTF-8"?>
<!-- Generated by org.testng.reporters.JUnitReportReporter -->
<testsuite hostname="DESKTOP-5GDBB9U" failures="0" tests="1" name="com.inetbanking.testCases.TC_loginTest_WithScreenShot_2" time="4.034" errors="0" timestamp="2021-11-27T22:05:27 IST" skipped="0">
  <testcase classname="com.inetbanking.testCases.TC_loginTest_WithScreenShot_2" name="loginTest" time="4.034"/>
  <system-out/>
</testsuite> <!-- com.inetbanking.testCases.TC_loginTest_WithScreenShot_2 -->
