<?xml version="1.0" encoding="UTF-8"?>
<!-- Generated by org.testng.reporters.JUnitReportReporter -->
<testsuite hostname="DESKTOP-5GDBB9U" failures="0" tests="1" name="com.inetbanking.testCases.AddCustomerTest_003" time="19.717" errors="0" timestamp="2021-11-28T09:48:08 IST" skipped="0">
  <testcase classname="com.inetbanking.testCases.AddCustomerTest_003" name="addNewCustomer" time="19.717"/>
  <system-out/>
</testsuite> <!-- com.inetbanking.testCases.AddCustomerTest_003 -->
