<?xml version="1.0" encoding="UTF-8"?>
<!-- Generated by org.testng.reporters.JUnitReportReporter -->
<testsuite hostname="DESKTOP-5GDBB9U" failures="0" tests="1" name="com.inetbanking.testCases.TC_loginDDT_002" time="11.420" errors="0" timestamp="2021-11-28T09:12:51 IST" skipped="0">
  <testcase classname="com.inetbanking.testCases.TC_loginDDT_002" name="loginDDT" time="11.420"/>
  <system-out/>
</testsuite> <!-- com.inetbanking.testCases.TC_loginDDT_002 -->
