<?xml version="1.0" encoding="UTF-8"?>
<!-- Generated by org.testng.reporters.JUnitReportReporter -->
<testsuite skipped="0" hostname="DESKTOP-5GDBB9U" name="com.inetbanking.testCases.AddCustomerTest_003" tests="1" failures="0" timestamp="2021-11-28T12:54:19 IST" time="17.125" errors="0">
  <testcase name="addNewCustomer" time="17.125" classname="com.inetbanking.testCases.AddCustomerTest_003"/>
  <system-out/>
</testsuite> <!-- com.inetbanking.testCases.AddCustomerTest_003 -->
